<?xml version="1.0" encoding="UTF-8"?>
<!-- Generated by org.testng.reporters.JUnitReportReporter -->
<testsuite skipped="0" hostname="DESKTOP-HSLMIQI" name="firstPackage.ParallelTesting" tests="2" failures="0" timestamp="11 Apr 2020 17:11:07 GMT" time="21.083" errors="0">
  <testcase name="openGoogle" time="5.643" classname="firstPackage.ParallelTesting"/>
  <testcase name="openBing" time="15.440" classname="firstPackage.ParallelTesting"/>
</testsuite> <!-- firstPackage.ParallelTesting -->
