<?xml version="1.0" encoding="UTF-8"?>
<!-- Generated by org.testng.reporters.JUnitReportReporter -->
<testsuite skipped="0" hostname="DESKTOP-HSLMIQI" name="firstPackage.Sample" tests="1" failures="0" timestamp="29 Mar 2020 13:10:16 GMT" time="15.596" errors="0">
  <testcase name="verifyTitle" time="15.596" classname="firstPackage.Sample"/>
</testsuite> <!-- firstPackage.Sample -->
