<?xml version="1.0" encoding="UTF-8"?>
<!-- Generated by org.testng.reporters.JUnitReportReporter -->
<testsuite skipped="0" hostname="DESKTOP-HSLMIQI" name="firstPackage.SuiteExample" tests="3" failures="0" timestamp="08 Mar 2020 17:09:19 GMT" time="67.317" errors="0">
  <testcase name="openBing" time="1.777" classname="firstPackage.SuiteExample"/>
  <testcase name="openGoogle" time="6.264" classname="firstPackage.SuiteExample"/>
  <testcase name="openYahoo" time="59.276" classname="firstPackage.SuiteExample"/>
</testsuite> <!-- firstPackage.SuiteExample -->
