<?xml version="1.0" encoding="UTF-8"?>
<!-- Generated by org.testng.reporters.JUnitReportReporter -->
<testsuite skipped="1" hostname="DESKTOP-HSLMIQI" name="firstPackage.SkipTestCase" tests="2" failures="0" timestamp="08 Mar 2020 17:09:19 GMT" time="0.008" errors="0">
  <testcase name="startTheCar" time="0.008" classname="firstPackage.SkipTestCase"/>
  <testcase name="turnTheMusicON" classname="firstPackage.SkipTestCase">
    <skipped/>
  </testcase> <!-- turnTheMusicON -->
</testsuite> <!-- firstPackage.SkipTestCase -->
