<?xml version="1.0" encoding="UTF-8"?>
<!-- Generated by org.testng.reporters.JUnitReportReporter -->
<testsuite skipped="0" hostname="DESKTOP-HSLMIQI" name="firstPackage.SampleTest" tests="10" failures="0" timestamp="09 Mar 2020 12:53:01 GMT" time="0.363" errors="0">
  <testcase name="sample" time="0.008" classname="firstPackage.SampleTest"/>
  <testcase name="sample" time="0.009" classname="firstPackage.SampleTest"/>
  <testcase name="sample" time="0.013" classname="firstPackage.SampleTest"/>
  <testcase name="sample" time="0.075" classname="firstPackage.SampleTest"/>
  <testcase name="sample" time="0.010" classname="firstPackage.SampleTest"/>
  <testcase name="sample" time="0.004" classname="firstPackage.SampleTest"/>
  <testcase name="sample" time="0.035" classname="firstPackage.SampleTest"/>
  <testcase name="sample" time="0.008" classname="firstPackage.SampleTest"/>
  <testcase name="sample" time="0.151" classname="firstPackage.SampleTest"/>
  <testcase name="sample" time="0.050" classname="firstPackage.SampleTest"/>
</testsuite> <!-- firstPackage.SampleTest -->
