<?xml version="1.0" encoding="UTF-8"?>
<!-- Generated by org.testng.reporters.JUnitReportReporter -->
<testsuite skipped="0" hostname="DESKTOP-HSLMIQI" name="firstPackage.AssertionExample" tests="1" failures="0" timestamp="09 Mar 2020 01:21:00 GMT" time="0.078" errors="0">
  <testcase name="checkEquals" time="0.078" classname="firstPackage.AssertionExample"/>
</testsuite> <!-- firstPackage.AssertionExample -->
