<?xml version="1.0" encoding="UTF-8"?>
<!-- Generated by org.testng.reporters.JUnitReportReporter -->
<testsuite skipped="0" hostname="DESKTOP-HSLMIQI" name="firstPackage.DriveACar" tests="5" failures="0" timestamp="14 Mar 2020 02:22:29 GMT" time="0.043" errors="0">
  <testcase name="startTheCar" time="0.043" classname="firstPackage.DriveACar"/>
  <testcase name="putSecondGear" time="0.000" classname="firstPackage.DriveACar"/>
  <testcase name="putFirstGear" time="0.000" classname="firstPackage.DriveACar"/>
  <testcase name="putThirdGear" time="0.000" classname="firstPackage.DriveACar"/>
  <testcase name="putFourthGear" time="0.000" classname="firstPackage.DriveACar"/>
</testsuite> <!-- firstPackage.DriveACar -->
