<?xml version="1.0" encoding="UTF-8"?>
<!-- Generated by org.testng.reporters.JUnitReportReporter -->
<testsuite skipped="0" hostname="DESKTOP-HSLMIQI" name="firstPackage.ThillaiMatrimony" tests="1" failures="0" timestamp="08 Mar 2020 13:18:35 GMT" time="0.031" errors="0">
  <testcase name="sample10" time="0.031" classname="firstPackage.ThillaiMatrimony"/>
</testsuite> <!-- firstPackage.ThillaiMatrimony -->
