<?xml version="1.0" encoding="UTF-8"?>
<!-- Generated by org.testng.reporters.JUnitReportReporter -->
<testsuite skipped="0" hostname="DESKTOP-HSLMIQI" name="firstPackage.AnnotationHierachyExample" tests="3" failures="0" timestamp="25 Apr 2020 23:34:30 GMT" time="0.030" errors="0">
  <testcase name="test" time="0.015" classname="firstPackage.AnnotationHierachyExample"/>
  <testcase name="test2" time="0.000" classname="firstPackage.AnnotationHierachyExample"/>
  <testcase name="test3" time="0.015" classname="firstPackage.AnnotationHierachyExample"/>
</testsuite> <!-- firstPackage.AnnotationHierachyExample -->
