<?xml version="1.0" encoding="UTF-8"?>
<!-- Generated by org.testng.reporters.JUnitReportReporter -->
<testsuite skipped="0" hostname="DESKTOP-HSLMIQI" name="demo.Testing" tests="1" failures="0" timestamp="22 Apr 2020 17:26:27 GMT" time="15.135" errors="0">
  <testcase name="dummy" time="15.135" classname="demo.Testing"/>
</testsuite> <!-- demo.Testing -->
