<?xml version="1.0" encoding="UTF-8"?>
<!-- Generated by org.testng.reporters.JUnitReportReporter -->
<testsuite skipped="0" hostname="DESKTOP-HSLMIQI" name="demo.TextBox" tests="4" failures="0" timestamp="26 Apr 2020 00:17:43 GMT" time="44.551" errors="0">
  <testcase name="elementPresent" time="11.084" classname="demo.TextBox"/>
  <testcase name="isEnabled" time="9.657" classname="demo.TextBox"/>
  <testcase name="isDisplayed" time="10.155" classname="demo.TextBox"/>
  <testcase name="textPresent" time="13.655" classname="demo.TextBox"/>
</testsuite> <!-- demo.TextBox -->
