<?xml version="1.0" encoding="UTF-8"?>
<!-- Generated by org.testng.reporters.JUnitReportReporter -->
<testsuite skipped="0" hostname="DESKTOP-HSLMIQI" name="firstPackage.ParameterationExample" tests="1" failures="0" timestamp="11 Apr 2020 16:58:59 GMT" time="0.016" errors="0">
  <testcase name="printName" time="0.016" classname="firstPackage.ParameterationExample"/>
</testsuite> <!-- firstPackage.ParameterationExample -->
