<?xml version="1.0" encoding="UTF-8"?>
<!-- Generated by org.testng.reporters.JUnitReportReporter -->
<testsuite skipped="0" hostname="DESKTOP-HSLMIQI" name="demo.CheckBox" tests="1" failures="0" timestamp="22 Apr 2020 19:27:17 GMT" time="15.784" errors="0">
  <testcase name="dummy" time="15.784" classname="demo.CheckBox"/>
</testsuite> <!-- demo.CheckBox -->
