<?xml version="1.0" encoding="UTF-8"?>
<!-- Generated by org.testng.reporters.JUnitReportReporter -->
<testsuite skipped="0" hostname="DESKTOP-HSLMIQI" name="firstPackage.Listener" tests="1" failures="0" timestamp="11 Apr 2020 17:44:13 GMT" time="0.047" errors="0">
  <testcase name="startTheCar" time="0.047" classname="firstPackage.Listener"/>
</testsuite> <!-- firstPackage.Listener -->
