<?xml version="1.0" encoding="UTF-8"?>
<!-- Generated by org.testng.reporters.JUnitReportReporter -->
<testsuite skipped="0" hostname="DESKTOP-HSLMIQI" name="firstPackage.GroupingExample" tests="4" failures="0" timestamp="11 Apr 2020 16:51:08 GMT" time="0.078" errors="0">
  <testcase name="moto2" time="0.000" classname="firstPackage.GroupingExample"/>
  <testcase name="vivo2" time="0.015" classname="firstPackage.GroupingExample"/>
  <testcase name="moto1" time="0.047" classname="firstPackage.GroupingExample"/>
  <testcase name="vivo1" time="0.016" classname="firstPackage.GroupingExample"/>
</testsuite> <!-- firstPackage.GroupingExample -->
