<?xml version="1.0" encoding="UTF-8"?>
<!-- Generated by org.testng.reporters.JUnitReportReporter -->
<testsuite skipped="0" hostname="DESKTOP-HSLMIQI" name="demo.DropDown" tests="1" failures="0" timestamp="22 Apr 2020 19:50:01 GMT" time="21.737" errors="0">
  <testcase name="dummy" time="21.737" classname="demo.DropDown"/>
</testsuite> <!-- demo.DropDown -->
