<?xml version="1.0" encoding="UTF-8"?>
<!-- Generated by org.testng.reporters.JUnitReportReporter -->
<testsuite skipped="0" hostname="DESKTOP-HSLMIQI" name="demo.WebTable" tests="1" failures="0" timestamp="22 Apr 2020 22:55:48 GMT" time="101.196" errors="0">
  <testcase name="dummy" time="101.196" classname="demo.WebTable"/>
</testsuite> <!-- demo.WebTable -->
