<?xml version="1.0" encoding="UTF-8"?>
<!-- Generated by org.testng.reporters.JUnitReportReporter -->
<testsuite skipped="0" hostname="DESKTOP-HSLMIQI" name="firstPackage.DependenciesManagement" tests="3" failures="0" timestamp="08 Mar 2020 17:09:19 GMT" time="0.025" errors="0">
  <testcase name="higherSecondary" time="0.001" classname="firstPackage.DependenciesManagement"/>
  <testcase name="enngineering" time="0.012" classname="firstPackage.DependenciesManagement"/>
  <testcase name="highSchool" time="0.012" classname="firstPackage.DependenciesManagement"/>
</testsuite> <!-- firstPackage.DependenciesManagement -->
